Base path: 'D:/ProgramData/Unity Editors/2019.3.15f1/Editor/Data', plugins path 'D:/ProgramData/Unity Editors/2019.3.15f1/Editor/Data/PlaybackEngines'
Cmd: initializeCompiler
Cmd: compileComputeKernel
  api=4 insize=12081 outsize=1046 ok=1
Cmd: compileComputeKernel
  api=4 insize=12081 outsize=1364 ok=1
Cmd: compileComputeKernel
  api=4 insize=12124 outsize=1819 ok=1
Cmd: compileComputeKernel
  api=4 insize=12124 outsize=1819 ok=1
Cmd: compileComputeKernel
  api=4 insize=12124 outsize=1819 ok=1
Cmd: compileComputeKernel
  api=4 insize=12124 outsize=1819 ok=1
Cmd: compileComputeKernel
  api=4 insize=12124 outsize=1851 ok=1
Cmd: compileComputeKernel
  api=4 insize=12124 outsize=1848 ok=1
Cmd: compileComputeKernel
  api=4 insize=12124 outsize=1849 ok=1
Cmd: compileComputeKernel
  api=4 insize=12124 outsize=1998 ok=1
Cmd: compileComputeKernel
  api=4 insize=19771 outsize=2045 ok=1
Cmd: compileComputeKernel
  api=4 insize=19771 outsize=3171 ok=1
Cmd: compileComputeKernel
  api=4 insize=19771 outsize=2903 ok=1
Cmd: compileComputeKernel
  api=4 insize=19771 outsize=5077 ok=1
Cmd: compileComputeKernel
  api=4 insize=59196 outsize=1686 ok=1
Cmd: compileComputeKernel
  api=4 insize=59196 outsize=11643 ok=1
Cmd: compileComputeKernel
  api=4 insize=59196 outsize=2029 ok=1
Cmd: compileComputeKernel
  api=4 insize=59196 outsize=1667 ok=1
Cmd: compileComputeKernel
  api=4 insize=59196 outsize=3271 ok=1
Cmd: compileComputeKernel
  api=4 insize=59196 outsize=1310 ok=1
Cmd: compileComputeKernel
  api=4 insize=59196 outsize=1631 ok=1
Cmd: compileComputeKernel
  api=4 insize=59196 outsize=1383 ok=1
Cmd: compileComputeKernel
  api=4 insize=59196 outsize=1465 ok=1
Cmd: compileComputeKernel
  api=4 insize=59196 outsize=1547 ok=1
Cmd: compileComputeKernel
  api=4 insize=59196 outsize=1311 ok=1
Cmd: compileComputeKernel
  api=4 insize=59196 outsize=1387 ok=1
Cmd: compileComputeKernel
  api=4 insize=59196 outsize=1819 ok=1
Cmd: compileComputeKernel
  api=4 insize=59196 outsize=1819 ok=1
Cmd: compileComputeKernel
  api=4 insize=59196 outsize=2259 ok=1
Cmd: compileComputeKernel
  api=4 insize=59196 outsize=1974 ok=1
Cmd: compileComputeKernel
  api=4 insize=59196 outsize=1856 ok=1
Cmd: compileComputeKernel
  api=4 insize=59196 outsize=1853 ok=1
Cmd: compileComputeKernel
  api=4 insize=59196 outsize=1998 ok=1
Cmd: compileComputeKernel
  api=4 insize=59196 outsize=1301 ok=1
Cmd: compileComputeKernel
  api=4 insize=59196 outsize=1346 ok=1
Cmd: compileComputeKernel
  api=4 insize=59196 outsize=2178 ok=1
Cmd: compileComputeKernel
  api=4 insize=59196 outsize=3836 ok=1
Cmd: compileComputeKernel
  api=4 insize=59196 outsize=1680 ok=1
Cmd: compileComputeKernel
  api=4 insize=59196 outsize=2421 ok=1
Cmd: compileComputeKernel
  api=4 insize=73605 outsize=12637 ok=1
Cmd: compileComputeKernel
  api=4 insize=73605 outsize=7893 ok=1
Cmd: compileComputeKernel
  api=4 insize=33531 outsize=677 ok=1
Cmd: compileComputeKernel
  api=4 insize=33531 outsize=680 ok=1
Cmd: compileComputeKernel
  api=4 insize=33531 outsize=638 ok=1
Cmd: compileComputeKernel
  api=4 insize=33531 outsize=695 ok=1
Cmd: compileComputeKernel
  api=4 insize=33531 outsize=1069 ok=1
Cmd: compileComputeKernel
  api=4 insize=33531 outsize=910 ok=1
Cmd: compileComputeKernel
  api=4 insize=33531 outsize=759 ok=1
Cmd: compileComputeKernel
  api=4 insize=33531 outsize=773 ok=1
Cmd: compileComputeKernel
  api=4 insize=33531 outsize=855 ok=1
Cmd: compileComputeKernel
  api=4 insize=33531 outsize=749 ok=1
Cmd: compileComputeKernel
  api=4 insize=33531 outsize=701 ok=1
Cmd: compileComputeKernel
  api=4 insize=33531 outsize=701 ok=1
Cmd: compileComputeKernel
  api=4 insize=33531 outsize=674 ok=1
Cmd: compileComputeKernel
  api=4 insize=33531 outsize=831 ok=1
Cmd: compileComputeKernel
  api=4 insize=33531 outsize=700 ok=1
Cmd: compileComputeKernel
  api=4 insize=33531 outsize=872 ok=1
Cmd: compileComputeKernel
  api=4 insize=33531 outsize=1269 ok=1
Cmd: compileComputeKernel
  api=4 insize=33531 outsize=1321 ok=1
Cmd: compileComputeKernel
  api=4 insize=33531 outsize=1861 ok=1
Cmd: compileComputeKernel
  api=4 insize=33531 outsize=1547 ok=1
Cmd: compileComputeKernel
  api=4 insize=33531 outsize=1484 ok=1
Cmd: compileComputeKernel
  api=4 insize=33531 outsize=1497 ok=1
Cmd: compileComputeKernel
  api=4 insize=33531 outsize=1369 ok=1
Cmd: compileComputeKernel
  api=4 insize=33531 outsize=1383 ok=1
Cmd: compileComputeKernel
  api=4 insize=33531 outsize=1320 ok=1
Cmd: compileComputeKernel
  api=4 insize=33531 outsize=1442 ok=1
Cmd: compileComputeKernel
  api=4 insize=33531 outsize=1359 ok=1
Cmd: compileComputeKernel
  api=4 insize=33531 outsize=1311 ok=1
Cmd: compileComputeKernel
  api=4 insize=33531 outsize=1248 ok=1
Cmd: compileComputeKernel
  api=4 insize=33531 outsize=1288 ok=1
Cmd: compileComputeKernel
  api=4 insize=33531 outsize=1284 ok=1
Cmd: compileComputeKernel
  api=4 insize=33531 outsize=1369 ok=1
Cmd: compileComputeKernel
  api=4 insize=33531 outsize=1306 ok=1
Cmd: compileComputeKernel
  api=4 insize=33531 outsize=1618 ok=1
Cmd: compileComputeKernel
  api=4 insize=33531 outsize=1387 ok=1
Cmd: compileComputeKernel
  api=4 insize=75191 outsize=6812 ok=1
Cmd: compileComputeKernel
  api=4 insize=75191 outsize=26077 ok=1
Cmd: compileComputeKernel
  api=4 insize=75191 outsize=32238 ok=1
Cmd: compileComputeKernel
  api=4 insize=75191 outsize=27610 ok=1
Cmd: compileComputeKernel
  api=4 insize=4434 outsize=1590 ok=1
Cmd: compileComputeKernel
  api=4 insize=4434 outsize=1750 ok=1
Cmd: compileComputeKernel
  api=4 insize=1898 outsize=3122 ok=1
Cmd: compileSnippet
  api=4 type=0 insize=2295 outsize=858 kw=UNITY_UI_ALPHACLIP pd=UNITY_ENABLE_REFLECTION_BUFFERS UNITY_USE_DITHER_MASK_FOR_ALPHABLENDED_SHADOWS UNITY_PBS_USE_BRDF1 UNITY_SPECCUBE_BOX_PROJECTION UNITY_SPECCUBE_BLENDING UNITY_ENABLE_DETAIL_NORMALMAP SHADER_API_DESKTOP UNITY_COLORSPACE_GAMMA UNITY_LIGHT_PROBE_PROXY_VOLUME UNITY_LIGHTMAP_FULL_HDR ok=1
